c:\users\ionya\onedrive\рабочий стол\battle_project\battle_project\release\vc143.pdb
c:\users\ionya\onedrive\рабочий стол\battle_project\battle_project\release\tank.obj
c:\users\ionya\onedrive\рабочий стол\battle_project\battle_project\release\player.obj
c:\users\ionya\onedrive\рабочий стол\battle_project\battle_project\release\message.obj
c:\users\ionya\onedrive\рабочий стол\battle_project\battle_project\release\map.obj
c:\users\ionya\onedrive\рабочий стол\battle_project\battle_project\release\main.obj
c:\users\ionya\onedrive\рабочий стол\battle_project\battle_project\release\enemy.obj
c:\users\ionya\onedrive\рабочий стол\battle_project\battle_project\release\bullet.obj
c:\users\ionya\onedrive\рабочий стол\battle_project\battle_project\release\base.obj
c:\users\ionya\onedrive\рабочий стол\battle_project\battle_project\release\application.obj
c:\users\ionya\onedrive\рабочий стол\battle_project\release\battle_project.exe
c:\users\ionya\onedrive\рабочий стол\battle_project\battle_project\release\battle_project.ipdb
c:\users\ionya\onedrive\рабочий стол\battle_project\battle_project\release\battle_project.iobj
c:\users\ionya\onedrive\рабочий стол\battle_project\release\battle_project.pdb
c:\users\ionya\onedrive\рабочий стол\battle_project\battle_project\release\battle_project.tlog\cl.command.1.tlog
c:\users\ionya\onedrive\рабочий стол\battle_project\battle_project\release\battle_project.tlog\cl.read.1.tlog
c:\users\ionya\onedrive\рабочий стол\battle_project\battle_project\release\battle_project.tlog\cl.write.1.tlog
c:\users\ionya\onedrive\рабочий стол\battle_project\battle_project\release\battle_project.tlog\link.command.1.tlog
c:\users\ionya\onedrive\рабочий стол\battle_project\battle_project\release\battle_project.tlog\link.read.1.tlog
c:\users\ionya\onedrive\рабочий стол\battle_project\battle_project\release\battle_project.tlog\link.write.1.tlog
