c:\users\ionya\onedrive\рабочий стол\battle_project\battle_project\debug\vc142.pdb
c:\users\ionya\onedrive\рабочий стол\battle_project\battle_project\debug\vc142.idb
c:\users\ionya\onedrive\рабочий стол\battle_project\battle_project\debug\tank.obj
c:\users\ionya\onedrive\рабочий стол\battle_project\battle_project\debug\player.obj
c:\users\ionya\onedrive\рабочий стол\battle_project\battle_project\debug\message.obj
c:\users\ionya\onedrive\рабочий стол\battle_project\battle_project\debug\map.obj
c:\users\ionya\onedrive\рабочий стол\battle_project\battle_project\debug\main.obj
c:\users\ionya\onedrive\рабочий стол\battle_project\battle_project\debug\enemy.obj
c:\users\ionya\onedrive\рабочий стол\battle_project\battle_project\debug\bullet.obj
c:\users\ionya\onedrive\рабочий стол\battle_project\battle_project\debug\bonus.obj
c:\users\ionya\onedrive\рабочий стол\battle_project\battle_project\debug\base.obj
c:\users\ionya\onedrive\рабочий стол\battle_project\battle_project\debug\application.obj
c:\users\ionya\onedrive\рабочий стол\battle_project\battle_project\debug\vc143.pdb
c:\users\ionya\onedrive\рабочий стол\battle_project\battle_project\debug\vc143.idb
c:\users\ionya\onedrive\рабочий стол\battle_project\battle_project\debug\application.obj.enc
c:\users\ionya\onedrive\рабочий стол\battle_project\battle_project\debug\battle_project.ilk
c:\users\ionya\onedrive\рабочий стол\battle_project\debug\battle_project.pdb
c:\users\ionya\onedrive\рабочий стол\battle_project\debug\battle_project.exe
c:\users\ionya\onedrive\рабочий стол\battle_project\battle_project\debug\battle_project.tlog\cl.command.1.tlog
c:\users\ionya\onedrive\рабочий стол\battle_project\battle_project\debug\battle_project.tlog\cl.read.1.tlog
c:\users\ionya\onedrive\рабочий стол\battle_project\battle_project\debug\battle_project.tlog\cl.write.1.tlog
c:\users\ionya\onedrive\рабочий стол\battle_project\battle_project\debug\battle_project.tlog\link.command.1.tlog
c:\users\ionya\onedrive\рабочий стол\battle_project\battle_project\debug\battle_project.tlog\link.read.1.tlog
c:\users\ionya\onedrive\рабочий стол\battle_project\battle_project\debug\battle_project.tlog\link.write.1.tlog
