Application.obj : error LNK2019: ссылка на неразрешенный внешний символ "__declspec(dllimport) public: __int64 __thiscall sf::Time::asMicroseconds(void)const " (__imp_?asMicroseconds@Time@sf@@QBE_JXZ) в функции "public: __thiscall Application::Application(void)" (??0Application@@QAE@XZ).
Application.obj : error LNK2019: ссылка на неразрешенный внешний символ "__declspec(dllimport) public: __thiscall sf::Clock::Clock(void)" (__imp_??0Clock@sf@@QAE@XZ) в функции "public: __thiscall Application::Application(void)" (??0Application@@QAE@XZ).
Application.obj : error LNK2019: ссылка на неразрешенный внешний символ "__declspec(dllimport) public: class sf::Time __thiscall sf::Clock::getElapsedTime(void)const " (__imp_?getElapsedTime@Clock@sf@@QBE?AVTime@2@XZ) в функции "public: __thiscall Application::Application(void)" (??0Application@@QAE@XZ).
Application.obj : error LNK2019: ссылка на неразрешенный внешний символ "__declspec(dllimport) public: class sf::Time __thiscall sf::Clock::restart(void)" (__imp_?restart@Clock@sf@@QAE?AVTime@2@XZ) в функции "public: __thiscall Application::Application(void)" (??0Application@@QAE@XZ).
Application.obj : error LNK2019: ссылка на неразрешенный внешний символ "__declspec(dllimport) protected: __thiscall sf::NonCopyable::NonCopyable(void)" (__imp_??0NonCopyable@sf@@IAE@XZ) в функции "public: __thiscall Application::Application(void)" (??0Application@@QAE@XZ).
Base.obj : error LNK2001: неразрешенный внешний символ "__declspec(dllimport) protected: __thiscall sf::NonCopyable::NonCopyable(void)" (__imp_??0NonCopyable@sf@@IAE@XZ).
Map.obj : error LNK2001: неразрешенный внешний символ "__declspec(dllimport) protected: __thiscall sf::NonCopyable::NonCopyable(void)" (__imp_??0NonCopyable@sf@@IAE@XZ).
Tank.obj : error LNK2001: неразрешенный внешний символ "__declspec(dllimport) protected: __thiscall sf::NonCopyable::NonCopyable(void)" (__imp_??0NonCopyable@sf@@IAE@XZ).
Tank.obj : error LNK2001: неразрешенный внешний символ "__declspec(dllimport) protected: __thiscall sf::NonCopyable::~NonCopyable(void)" (__imp_??1NonCopyable@sf@@IAE@XZ).
Application.obj : error LNK2001: неразрешенный внешний символ "__declspec(dllimport) protected: __thiscall sf::NonCopyable::~NonCopyable(void)" (__imp_??1NonCopyable@sf@@IAE@XZ).
Base.obj : error LNK2001: неразрешенный внешний символ "__declspec(dllimport) protected: __thiscall sf::NonCopyable::~NonCopyable(void)" (__imp_??1NonCopyable@sf@@IAE@XZ).
Main.obj : error LNK2001: неразрешенный внешний символ "__declspec(dllimport) protected: __thiscall sf::NonCopyable::~NonCopyable(void)" (__imp_??1NonCopyable@sf@@IAE@XZ).
Map.obj : error LNK2001: неразрешенный внешний символ "__declspec(dllimport) protected: __thiscall sf::NonCopyable::~NonCopyable(void)" (__imp_??1NonCopyable@sf@@IAE@XZ).
Application.obj : error LNK2019: ссылка на неразрешенный внешний символ "__declspec(dllimport) public: __thiscall sf::String::String(char const *,class std::locale const &)" (__imp_??0String@sf@@QAE@PBDABVlocale@std@@@Z) в функции "public: __thiscall Application::Application(void)" (??0Application@@QAE@XZ).
Enemy.obj : error LNK2001: неразрешенный внешний символ "__declspec(dllimport) public: __thiscall sf::String::String(char const *,class std::locale const &)" (__imp_??0String@sf@@QAE@PBDABVlocale@std@@@Z).
Map.obj : error LNK2001: неразрешенный внешний символ "__declspec(dllimport) public: __thiscall sf::String::String(char const *,class std::locale const &)" (__imp_??0String@sf@@QAE@PBDABVlocale@std@@@Z).
Player.obj : error LNK2001: неразрешенный внешний символ "__declspec(dllimport) public: __thiscall sf::String::String(char const *,class std::locale const &)" (__imp_??0String@sf@@QAE@PBDABVlocale@std@@@Z).
Player.obj : error LNK2001: неразрешенный внешний символ "__declspec(dllimport) public: __thiscall sf::String::~String(void)" (__imp_??1String@sf@@QAE@XZ).
Tank.obj : error LNK2001: неразрешенный внешний символ "__declspec(dllimport) public: __thiscall sf::String::~String(void)" (__imp_??1String@sf@@QAE@XZ).
Application.obj : error LNK2001: неразрешенный внешний символ "__declspec(dllimport) public: __thiscall sf::String::~String(void)" (__imp_??1String@sf@@QAE@XZ).
Enemy.obj : error LNK2001: неразрешенный внешний символ "__declspec(dllimport) public: __thiscall sf::String::~String(void)" (__imp_??1String@sf@@QAE@XZ).
Main.obj : error LNK2001: неразрешенный внешний символ "__declspec(dllimport) public: __thiscall sf::String::~String(void)" (__imp_??1String@sf@@QAE@XZ).
Map.obj : error LNK2001: неразрешенный внешний символ "__declspec(dllimport) public: __thiscall sf::String::~String(void)" (__imp_??1String@sf@@QAE@XZ).
Application.obj : error LNK2019: ссылка на неразрешенный внешний символ "__declspec(dllimport) public: static bool __cdecl sf::Keyboard::isKeyPressed(enum sf::Keyboard::Key)" (__imp_?isKeyPressed@Keyboard@sf@@SA_NW4Key@12@@Z) в функции "public: __thiscall Application::Application(void)" (??0Application@@QAE@XZ).
Player.obj : error LNK2001: неразрешенный внешний символ "__declspec(dllimport) public: static bool __cdecl sf::Keyboard::isKeyPressed(enum sf::Keyboard::Key)" (__imp_?isKeyPressed@Keyboard@sf@@SA_NW4Key@12@@Z).
Application.obj : error LNK2019: ссылка на неразрешенный внешний символ "__declspec(dllimport) public: __thiscall sf::VideoMode::VideoMode(unsigned int,unsigned int,unsigned int)" (__imp_??0VideoMode@sf@@QAE@III@Z) в функции "public: __thiscall Application::Application(void)" (??0Application@@QAE@XZ).
Application.obj : error LNK2019: ссылка на неразрешенный внешний символ "__declspec(dllimport) public: void __thiscall sf::Window::close(void)" (__imp_?close@Window@sf@@QAEXXZ) в функции "public: void __thiscall Application::process_events(void)" (?process_events@Application@@QAEXXZ).
Application.obj : error LNK2019: ссылка на неразрешенный внешний символ "__declspec(dllimport) public: bool __thiscall sf::Window::isOpen(void)const " (__imp_?isOpen@Window@sf@@QBE_NXZ) в функции "public: __thiscall Application::Application(void)" (??0Application@@QAE@XZ).
Application.obj : error LNK2019: ссылка на неразрешенный внешний символ "__declspec(dllimport) public: bool __thiscall sf::Window::pollEvent(class sf::Event &)" (__imp_?pollEvent@Window@sf@@QAE_NAAVEvent@2@@Z) в функции "public: void __thiscall Application::process_events(void)" (?process_events@Application@@QAEXXZ).
Application.obj : error LNK2019: ссылка на неразрешенный внешний символ "__declspec(dllimport) public: void __thiscall sf::Window::display(void)" (__imp_?display@Window@sf@@QAEXXZ) в функции "public: void __thiscall Application::render(void)" (?render@Application@@QAEXXZ).
Application.obj : error LNK2019: ссылка на неразрешенный внешний символ "__declspec(dllimport) public: __thiscall sf::Color::Color(unsigned char,unsigned char,unsigned char,unsigned char)" (__imp_??0Color@sf@@QAE@EEEE@Z) в функции "public: void __thiscall Application::render(void)" (?render@Application@@QAEXXZ).
Map.obj : error LNK2001: неразрешенный внешний символ "__declspec(dllimport) public: __thiscall sf::Texture::~Texture(void)" (__imp_??1Texture@sf@@QAE@XZ).
Tank.obj : error LNK2001: неразрешенный внешний символ "__declspec(dllimport) public: __thiscall sf::Texture::~Texture(void)" (__imp_??1Texture@sf@@QAE@XZ).
Application.obj : error LNK2001: неразрешенный внешний символ "__declspec(dllimport) public: __thiscall sf::Texture::~Texture(void)" (__imp_??1Texture@sf@@QAE@XZ).
Base.obj : error LNK2001: неразрешенный внешний символ "__declspec(dllimport) public: __thiscall sf::Texture::~Texture(void)" (__imp_??1Texture@sf@@QAE@XZ).
Bullet.obj : error LNK2001: неразрешенный внешний символ "__declspec(dllimport) public: __thiscall sf::Texture::~Texture(void)" (__imp_??1Texture@sf@@QAE@XZ).
Main.obj : error LNK2001: неразрешенный внешний символ "__declspec(dllimport) public: __thiscall sf::Texture::~Texture(void)" (__imp_??1Texture@sf@@QAE@XZ).
Application.obj : error LNK2019: ссылка на неразрешенный внешний символ "__declspec(dllimport) public: __thiscall sf::Font::~Font(void)" (__imp_??1Font@sf@@QAE@XZ) в функции "public: __thiscall Message::~Message(void)" (??1Message@@QAE@XZ).
Main.obj : error LNK2001: неразрешенный внешний символ "__declspec(dllimport) public: __thiscall sf::Font::~Font(void)" (__imp_??1Font@sf@@QAE@XZ).
Message.obj : error LNK2001: неразрешенный внешний символ "__declspec(dllimport) public: __thiscall sf::Font::~Font(void)" (__imp_??1Font@sf@@QAE@XZ).
Application.obj : error LNK2019: ссылка на неразрешенный внешний символ "__declspec(dllimport) public: void __thiscall sf::RenderTarget::clear(class sf::Color const &)" (__imp_?clear@RenderTarget@sf@@QAEXABVColor@2@@Z) в функции "public: void __thiscall Application::render(void)" (?render@Application@@QAEXXZ).
Application.obj : error LNK2019: ссылка на неразрешенный внешний символ "__declspec(dllimport) public: void __thiscall sf::RenderTarget::draw(class sf::Drawable const &,class sf::RenderStates const &)" (__imp_?draw@RenderTarget@sf@@QAEXABVDrawable@2@ABVRenderStates@2@@Z) в функции "public: void __thiscall Message::print(class sf::RenderWindow &)" (?print@Message@@QAEXAAVRenderWindow@sf@@@Z).
Map.obj : error LNK2001: неразрешенный внешний символ "__declspec(dllimport) public: void __thiscall sf::RenderTarget::draw(class sf::Drawable const &,class sf::RenderStates const &)" (__imp_?draw@RenderTarget@sf@@QAEXABVDrawable@2@ABVRenderStates@2@@Z).
Application.obj : error LNK2019: ссылка на неразрешенный внешний символ "__declspec(dllimport) public: __thiscall sf::RenderWindow::RenderWindow(class sf::VideoMode,class sf::String const &,unsigned int,struct sf::ContextSettings const &)" (__imp_??0RenderWindow@sf@@QAE@VVideoMode@1@ABVString@1@IABUContextSettings@1@@Z) в функции "public: __thiscall Application::Application(void)" (??0Application@@QAE@XZ).
Application.obj : error LNK2019: ссылка на неразрешенный внешний символ "__declspec(dllimport) public: virtual __thiscall sf::RenderWindow::~RenderWindow(void)" (__imp_??1RenderWindow@sf@@UAE@XZ) в функции __unwindfunclet$??0Application@@QAE@XZ$3.
Main.obj : error LNK2001: неразрешенный внешний символ "__declspec(dllimport) public: virtual __thiscall sf::RenderWindow::~RenderWindow(void)" (__imp_??1RenderWindow@sf@@UAE@XZ).
Application.obj : error LNK2019: ссылка на неразрешенный внешний символ "__declspec(dllimport) public: class sf::Rect<float> __thiscall sf::Sprite::getGlobalBounds(void)const " (__imp_?getGlobalBounds@Sprite@sf@@QBE?AV?$Rect@M@2@XZ) в функции "public: void __thiscall Application::update(__int64 const &)" (?update@Application@@QAEXAB_J@Z).
Map.obj : error LNK2001: неразрешенный внешний символ "__declspec(dllimport) public: virtual __thiscall sf::Sprite::~Sprite(void)" (__imp_??1Sprite@sf@@UAE@XZ).
Tank.obj : error LNK2001: неразрешенный внешний символ "__declspec(dllimport) public: virtual __thiscall sf::Sprite::~Sprite(void)" (__imp_??1Sprite@sf@@UAE@XZ).
Application.obj : error LNK2001: неразрешенный внешний символ "__declspec(dllimport) public: virtual __thiscall sf::Sprite::~Sprite(void)" (__imp_??1Sprite@sf@@UAE@XZ).
Base.obj : error LNK2001: неразрешенный внешний символ "__declspec(dllimport) public: virtual __thiscall sf::Sprite::~Sprite(void)" (__imp_??1Sprite@sf@@UAE@XZ).
Bullet.obj : error LNK2001: неразрешенный внешний символ "__declspec(dllimport) public: virtual __thiscall sf::Sprite::~Sprite(void)" (__imp_??1Sprite@sf@@UAE@XZ).
Main.obj : error LNK2001: неразрешенный внешний символ "__declspec(dllimport) public: virtual __thiscall sf::Sprite::~Sprite(void)" (__imp_??1Sprite@sf@@UAE@XZ).
Application.obj : error LNK2019: ссылка на неразрешенный внешний символ "__declspec(dllimport) public: virtual __thiscall sf::Text::~Text(void)" (__imp_??1Text@sf@@UAE@XZ) в функции "public: __thiscall Message::~Message(void)" (??1Message@@QAE@XZ).
Main.obj : error LNK2001: неразрешенный внешний символ "__declspec(dllimport) public: virtual __thiscall sf::Text::~Text(void)" (__imp_??1Text@sf@@UAE@XZ).
Message.obj : error LNK2001: неразрешенный внешний символ "__declspec(dllimport) public: virtual __thiscall sf::Text::~Text(void)" (__imp_??1Text@sf@@UAE@XZ).
Application.obj : error LNK2019: ссылка на неразрешенный внешний символ "__declspec(dllimport) public: static class sf::RenderStates const sf::RenderStates::Default" (__imp_?Default@RenderStates@sf@@2V12@B) в функции "public: void __thiscall Message::print(class sf::RenderWindow &)" (?print@Message@@QAEXAAVRenderWindow@sf@@@Z).
Map.obj : error LNK2001: неразрешенный внешний символ "__declspec(dllimport) public: static class sf::RenderStates const sf::RenderStates::Default" (__imp_?Default@RenderStates@sf@@2V12@B).
Base.obj : error LNK2019: ссылка на неразрешенный внешний символ "__declspec(dllimport) public: __thiscall sf::Texture::Texture(void)" (__imp_??0Texture@sf@@QAE@XZ) в функции "public: __thiscall Base::Base(void)" (??0Base@@QAE@XZ).
Bullet.obj : error LNK2001: неразрешенный внешний символ "__declspec(dllimport) public: __thiscall sf::Texture::Texture(void)" (__imp_??0Texture@sf@@QAE@XZ).
Map.obj : error LNK2001: неразрешенный внешний символ "__declspec(dllimport) public: __thiscall sf::Texture::Texture(void)" (__imp_??0Texture@sf@@QAE@XZ).
Tank.obj : error LNK2001: неразрешенный внешний символ "__declspec(dllimport) public: __thiscall sf::Texture::Texture(void)" (__imp_??0Texture@sf@@QAE@XZ).
Base.obj : error LNK2019: ссылка на неразрешенный внешний символ "__declspec(dllimport) public: bool __thiscall sf::Texture::loadFromFile(class std::basic_string<char,struct std::char_traits<char>,class std::allocator<char> > const &,class sf::Rect<int> const &)" (__imp_?loadFromFile@Texture@sf@@QAE_NABV?$basic_string@DU?$char_traits@D@std@@V?$allocator@D@2@@std@@ABV?$Rect@H@2@@Z) в функции "public: __thiscall Base::Base(void)" (??0Base@@QAE@XZ).
Bullet.obj : error LNK2001: неразрешенный внешний символ "__declspec(dllimport) public: bool __thiscall sf::Texture::loadFromFile(class std::basic_string<char,struct std::char_traits<char>,class std::allocator<char> > const &,class sf::Rect<int> const &)" (__imp_?loadFromFile@Texture@sf@@QAE_NABV?$basic_string@DU?$char_traits@D@std@@V?$allocator@D@2@@std@@ABV?$Rect@H@2@@Z).
Map.obj : error LNK2001: неразрешенный внешний символ "__declspec(dllimport) public: bool __thiscall sf::Texture::loadFromFile(class std::basic_string<char,struct std::char_traits<char>,class std::allocator<char> > const &,class sf::Rect<int> const &)" (__imp_?loadFromFile@Texture@sf@@QAE_NABV?$basic_string@DU?$char_traits@D@std@@V?$allocator@D@2@@std@@ABV?$Rect@H@2@@Z).
Tank.obj : error LNK2001: неразрешенный внешний символ "__declspec(dllimport) public: bool __thiscall sf::Texture::loadFromFile(class std::basic_string<char,struct std::char_traits<char>,class std::allocator<char> > const &,class sf::Rect<int> const &)" (__imp_?loadFromFile@Texture@sf@@QAE_NABV?$basic_string@DU?$char_traits@D@std@@V?$allocator@D@2@@std@@ABV?$Rect@H@2@@Z).
Message.obj : error LNK2019: ссылка на неразрешенный внешний символ "__declspec(dllimport) public: void __thiscall sf::Transformable::setPosition(float,float)" (__imp_?setPosition@Transformable@sf@@QAEXMM@Z) в функции "public: __thiscall std::exception::exception(class std::exception const &)" (??0exception@std@@QAE@ABV01@@Z).
Player.obj : error LNK2001: неразрешенный внешний символ "__declspec(dllimport) public: void __thiscall sf::Transformable::setPosition(float,float)" (__imp_?setPosition@Transformable@sf@@QAEXMM@Z).
Tank.obj : error LNK2001: неразрешенный внешний символ "__declspec(dllimport) public: void __thiscall sf::Transformable::setPosition(float,float)" (__imp_?setPosition@Transformable@sf@@QAEXMM@Z).
Base.obj : error LNK2001: неразрешенный внешний символ "__declspec(dllimport) public: void __thiscall sf::Transformable::setPosition(float,float)" (__imp_?setPosition@Transformable@sf@@QAEXMM@Z).
Bullet.obj : error LNK2001: неразрешенный внешний символ "__declspec(dllimport) public: void __thiscall sf::Transformable::setPosition(float,float)" (__imp_?setPosition@Transformable@sf@@QAEXMM@Z).
Enemy.obj : error LNK2001: неразрешенный внешний символ "__declspec(dllimport) public: void __thiscall sf::Transformable::setPosition(float,float)" (__imp_?setPosition@Transformable@sf@@QAEXMM@Z).
Map.obj : error LNK2001: неразрешенный внешний символ "__declspec(dllimport) public: void __thiscall sf::Transformable::setPosition(float,float)" (__imp_?setPosition@Transformable@sf@@QAEXMM@Z).
Base.obj : error LNK2019: ссылка на неразрешенный внешний символ "__declspec(dllimport) public: __thiscall sf::Sprite::Sprite(void)" (__imp_??0Sprite@sf@@QAE@XZ) в функции "public: __thiscall Base::Base(void)" (??0Base@@QAE@XZ).
Bullet.obj : error LNK2001: неразрешенный внешний символ "__declspec(dllimport) public: __thiscall sf::Sprite::Sprite(void)" (__imp_??0Sprite@sf@@QAE@XZ).
Map.obj : error LNK2001: неразрешенный внешний символ "__declspec(dllimport) public: __thiscall sf::Sprite::Sprite(void)" (__imp_??0Sprite@sf@@QAE@XZ).
Tank.obj : error LNK2001: неразрешенный внешний символ "__declspec(dllimport) public: __thiscall sf::Sprite::Sprite(void)" (__imp_??0Sprite@sf@@QAE@XZ).
Base.obj : error LNK2019: ссылка на неразрешенный внешний символ "__declspec(dllimport) public: void __thiscall sf::Sprite::setTexture(class sf::Texture const &,bool)" (__imp_?setTexture@Sprite@sf@@QAEXABVTexture@2@_N@Z) в функции "public: __thiscall Base::Base(void)" (??0Base@@QAE@XZ).
Bullet.obj : error LNK2001: неразрешенный внешний символ "__declspec(dllimport) public: void __thiscall sf::Sprite::setTexture(class sf::Texture const &,bool)" (__imp_?setTexture@Sprite@sf@@QAEXABVTexture@2@_N@Z).
Map.obj : error LNK2001: неразрешенный внешний символ "__declspec(dllimport) public: void __thiscall sf::Sprite::setTexture(class sf::Texture const &,bool)" (__imp_?setTexture@Sprite@sf@@QAEXABVTexture@2@_N@Z).
Tank.obj : error LNK2001: неразрешенный внешний символ "__declspec(dllimport) public: void __thiscall sf::Sprite::setTexture(class sf::Texture const &,bool)" (__imp_?setTexture@Sprite@sf@@QAEXABVTexture@2@_N@Z).
Base.obj : error LNK2019: ссылка на неразрешенный внешний символ "__declspec(dllimport) public: void __thiscall sf::Sprite::setTextureRect(class sf::Rect<int> const &)" (__imp_?setTextureRect@Sprite@sf@@QAEXABV?$Rect@H@2@@Z) в функции "public: __thiscall Base::Base(void)" (??0Base@@QAE@XZ).
Bullet.obj : error LNK2001: неразрешенный внешний символ "__declspec(dllimport) public: void __thiscall sf::Sprite::setTextureRect(class sf::Rect<int> const &)" (__imp_?setTextureRect@Sprite@sf@@QAEXABV?$Rect@H@2@@Z).
Map.obj : error LNK2001: неразрешенный внешний символ "__declspec(dllimport) public: void __thiscall sf::Sprite::setTextureRect(class sf::Rect<int> const &)" (__imp_?setTextureRect@Sprite@sf@@QAEXABV?$Rect@H@2@@Z).
Tank.obj : error LNK2001: неразрешенный внешний символ "__declspec(dllimport) public: void __thiscall sf::Sprite::setTextureRect(class sf::Rect<int> const &)" (__imp_?setTextureRect@Sprite@sf@@QAEXABV?$Rect@H@2@@Z).
Bullet.obj : error LNK2019: ссылка на неразрешенный внешний символ "__declspec(dllimport) public: void __thiscall sf::Transformable::setRotation(float)" (__imp_?setRotation@Transformable@sf@@QAEXM@Z) в функции "public: void __thiscall Bullet::move(__int64 const &)" (?move@Bullet@@QAEXAB_J@Z).
Bullet.obj : error LNK2019: ссылка на неразрешенный внешний символ "__declspec(dllimport) public: unsigned int & __thiscall sf::String::operator[](unsigned int)" (__imp_??AString@sf@@QAEAAII@Z) в функции "public: char const __thiscall Map::get_tile(int const &,int const &)" (?get_tile@Map@@QAE?BDABH0@Z).
Map.obj : error LNK2001: неразрешенный внешний символ "__declspec(dllimport) public: unsigned int & __thiscall sf::String::operator[](unsigned int)" (__imp_??AString@sf@@QAEAAII@Z).
Tank.obj : error LNK2001: неразрешенный внешний символ "__declspec(dllimport) public: unsigned int & __thiscall sf::String::operator[](unsigned int)" (__imp_??AString@sf@@QAEAAII@Z).
Map.obj : error LNK2019: ссылка на неразрешенный внешний символ "__declspec(dllimport) public: void __thiscall sf::Texture::setSmooth(bool)" (__imp_?setSmooth@Texture@sf@@QAEX_N@Z) в функции "public: __thiscall Map::Map(void)" (??0Map@@QAE@XZ).
Message.obj : error LNK2019: ссылка на неразрешенный внешний символ "__declspec(dllimport) public: __thiscall sf::Font::Font(void)" (__imp_??0Font@sf@@QAE@XZ) в функции "public: __thiscall Message::Message(float const &,float const &,class sf::String const &)" (??0Message@@QAE@ABM0ABVString@sf@@@Z).
Message.obj : error LNK2019: ссылка на неразрешенный внешний символ "__declspec(dllimport) public: bool __thiscall sf::Font::loadFromFile(class std::basic_string<char,struct std::char_traits<char>,class std::allocator<char> > const &)" (__imp_?loadFromFile@Font@sf@@QAE_NABV?$basic_string@DU?$char_traits@D@std@@V?$allocator@D@2@@std@@@Z) в функции "public: __thiscall Message::Message(float const &,float const &,class sf::String const &)" (??0Message@@QAE@ABM0ABVString@sf@@@Z).
Message.obj : error LNK2019: ссылка на неразрешенный внешний символ "__declspec(dllimport) public: __thiscall sf::Text::Text(void)" (__imp_??0Text@sf@@QAE@XZ) в функции "public: __thiscall Message::Message(float const &,float const &,class sf::String const &)" (??0Message@@QAE@ABM0ABVString@sf@@@Z).
Message.obj : error LNK2019: ссылка на неразрешенный внешний символ "__declspec(dllimport) public: void __thiscall sf::Text::setString(class sf::String const &)" (__imp_?setString@Text@sf@@QAEXABVString@2@@Z) в функции "public: __thiscall Message::Message(float const &,float const &,class sf::String const &)" (??0Message@@QAE@ABM0ABVString@sf@@@Z).
Message.obj : error LNK2019: ссылка на неразрешенный внешний символ "__declspec(dllimport) public: void __thiscall sf::Text::setFont(class sf::Font const &)" (__imp_?setFont@Text@sf@@QAEXABVFont@2@@Z) в функции "public: __thiscall Message::Message(float const &,float const &,class sf::String const &)" (??0Message@@QAE@ABM0ABVString@sf@@@Z).
Message.obj : error LNK2019: ссылка на неразрешенный внешний символ "__declspec(dllimport) public: void __thiscall sf::Text::setCharacterSize(unsigned int)" (__imp_?setCharacterSize@Text@sf@@QAEXI@Z) в функции "public: __thiscall Message::Message(float const &,float const &,class sf::String const &)" (??0Message@@QAE@ABM0ABVString@sf@@@Z).
Tank.obj : error LNK2019: ссылка на неразрешенный внешний символ "__declspec(dllimport) public: __thiscall sf::String::String(class sf::String const &)" (__imp_??0String@sf@@QAE@ABV01@@Z) в функции "public: __thiscall Tank::Tank(float const &,float const &,float const &,float const &,class sf::String const &)" (??0Tank@@QAE@ABM000ABVString@sf@@@Z).
Tank.obj : error LNK2019: ссылка на неразрешенный внешний символ "__declspec(dllimport) public: __thiscall sf::String::operator class std::basic_string<char,struct std::char_traits<char>,class std::allocator<char> >(void)const " (__imp_??BString@sf@@QBE?AV?$basic_string@DU?$char_traits@D@std@@V?$allocator@D@2@@std@@XZ) в функции "public: __thiscall Tank::Tank(float const &,float const &,float const &,float const &,class sf::String const &)" (??0Tank@@QAE@ABM000ABVString@sf@@@Z).
C:\Users\ionya\OneDrive\Рабочий стол\Battle_City2\Battle_Project\Battle_Project\SFML-2.5.1\lib\sfml-graphics-d.lib : warning LNK4272: тип компьютера библиотеки "x64" конфликтует с типом целевого компьютера "x86"
C:\Users\ionya\OneDrive\Рабочий стол\Battle_City2\Battle_Project\Battle_Project\SFML-2.5.1\lib\sfml-window-d.lib : warning LNK4272: тип компьютера библиотеки "x64" конфликтует с типом целевого компьютера "x86"
C:\Users\ionya\OneDrive\Рабочий стол\Battle_City2\Battle_Project\Battle_Project\SFML-2.5.1\lib\sfml-system-d.lib : warning LNK4272: тип компьютера библиотеки "x64" конфликтует с типом целевого компьютера "x86"
C:\Users\ionya\OneDrive\Рабочий стол\Battle_City2\Battle_Project\Battle_Project\SFML-2.5.1\lib\sfml-audio-d.lib : warning LNK4272: тип компьютера библиотеки "x64" конфликтует с типом целевого компьютера "x86"
C:\Users\ionya\OneDrive\Рабочий стол\Battle_City2\Battle_Project\Debug\Battle_Project.exe : fatal error LNK1120: неразрешенных внешних элементов: 42
